============================================================
Time  2018/08/18 10:37:28 676 
============================================================
[2018/08/18 10:37:28 677] isr_1conn  2217 SYS_MSG_LOAD_CLOUD  
[2018/08/18 10:37:28 677] isr_1conn  2238 SYS_MSG_REGCB_CLOUD param0 =   msp_status_cb  param1 =  func(42824f0) 
[2018/08/18 10:37:28 677] isr_1conn  2238 SYS_MSG_REGCB_CLOUD param0 =   cloud_rslt_cb  param1 =  func(4282530) 
[2018/08/18 10:37:28 677] isr_1conn  2238 SYS_MSG_REGCB_CLOUD param0 =   cloud_err_cb  param1 =  func(4282570) 
[2018/08/18 10:37:28 677] isr_1conn  2238 SYS_MSG_REGCB_CLOUD param0 =   cloud_status_cb  param1 =  func(42825b0) 
[2018/08/18 10:37:28 677] isr_1conn  1411 onesoc  
[2018/08/18 10:37:28 677] isr_1conn  1412 ASR_CLOUD_MSG_SSB  
[2018/08/18 10:37:28 677] isr_1conn  1427 isr_1conn  cloud_cisr1PdHHBHcjLeYHf+SaaBLCaz3kx5uAE  268436457  1530675888  
[2018/08/18 10:37:28 677] isr_1conn  1497 req_lgi_id =  nil  
[2018/08/18 10:37:28 677] isr_1conn  1498 not login!  
[2018/08/18 10:37:28 677] isr_1conn  1631 nil  
[2018/08/18 10:37:28 677] isr_1conn  1691 speex-wb  
[2018/08/18 10:37:28 677] isr_1conn  1776 net_once_bytes  nil  
[2018/08/18 10:37:28 677] isr_1conn  1781 need_encode  true  
[2018/08/18 10:37:28 678] isr_1conn  1783 once bytes  122  
[2018/08/18 10:37:28 678] isr_1conn  1807 User set url is   nil  
[2018/08/18 10:37:28 678] config     91   select default  
[2018/08/18 10:37:28 678] config     113  use general cloud  
[2018/08/18 10:37:28 678] transport  645  paramkvsport is   nil  
[2018/08/18 10:37:28 680] transport  657  ns_enable=  1  
[2018/08/18 10:37:28 680] transport  659  2017-08--24 is_ns_need_close =   nil  
[2018/08/18 10:37:28 680] transport  665  net.nettype=  unknown  
[2018/08/18 10:37:28 680] transport  675  url.full=  nil  
[2018/08/18 10:37:28 680] transport  676  urltmp=  nil  
[2018/08/18 10:37:28 680] transport  680  server_url_host=, server_url_port=, server_url_path=  open.xf-yun.com  nil  /msp.do  
[2018/08/18 10:37:28 680] transport  708  url.full=  nil  
[2018/08/18 10:37:28 680] transport  907  net type:  unknown  
[2018/08/18 10:37:28 680] transport  908  net operator:  def  
[2018/08/18 10:37:28 680] transport  909  use proxy:  false  
[2018/08/18 10:37:28 680] transport  1107 session.domain=  open.xf-yun.com  
[2018/08/18 10:37:28 680] transport  1108 url.host=  open.xf-yun.com  
[2018/08/18 10:37:28 680] network    90   ipfromenv ,  ipcache  open.xf-yun.com  def  nil  
[2018/08/18 10:37:28 680] transport  1178 try preferred port:  80  
[2018/08/18 10:37:28 680] transport  1085 NAMESERVER START  
[2018/08/18 10:37:28 680] transport  1088 name =   iat  
[2018/08/18 10:37:28 680] ns         629  ntt=  unknown  
[2018/08/18 10:37:28 680] transport  1091 trans,ns_inprog =  0  
[2018/08/18 10:37:28 680] ns         585  name server start  
[2018/08/18 10:37:28 680] ns         586  ns_sub =   iat  
[2018/08/18 10:37:28 680] ns         588  ns_host=  open.xf-yun.com  
[2018/08/18 10:37:28 680] ns         479  ns_host=  open.xf-yun.com  
[2018/08/18 10:37:28 681] ns         558  GET /sip/resolver?srand=0818103711.32 HTTP/1.1
Host: hdns.openspeech.cn
Connection: Keep-Alive
X-Par: ver=1.3&appid=5b553aa8&operator=UNKNOW&nettype=STANDARD&cver=5.0.39.1208&svc=iat&host=open.xf-yun.com&sign=907d7e599eb0b532c55ce33475120d74
User-Agent: iFLYCloud

  
[2018/08/18 10:37:28 681] ns         559  net_type =  standard  
[2018/08/18 10:37:28 681] ns         560  cmwapascmnet =  
[2018/08/18 10:37:28 681] ns         561  uniwapasuninet =  
[2018/08/18 10:37:28 681] ns         562  ctwapasctnet =  
[2018/08/18 10:37:28 681] ns         579  host=  hdns.openspeech.cn  
[2018/08/18 10:37:28 681] network    263  gethostbyname  hdns.openspeech.cn  ns1  
[2018/08/18 10:37:28 681] isr_1conn  1983 ASR_CLOUD_MSG_AUW  8845  5  
[2018/08/18 10:37:28 681] isr_1conn  1994 nil  nil  
[2018/08/18 10:37:28 681] isr_1conn  2029 starttimer status_cb_timeout, timeout is:  3000  
