============================================================
Time  2018/08/18 10:37:51 075 
============================================================
[2018/08/18 10:37:51 075] isr_1conn  2217 SYS_MSG_LOAD_CLOUD  
[2018/08/18 10:37:51 076] isr_1conn  2238 SYS_MSG_REGCB_CLOUD param0 =   msp_status_cb  param1 =  func(42edaf0) 
[2018/08/18 10:37:51 076] isr_1conn  2238 SYS_MSG_REGCB_CLOUD param0 =   cloud_rslt_cb  param1 =  func(42edb30) 
[2018/08/18 10:37:51 076] isr_1conn  2238 SYS_MSG_REGCB_CLOUD param0 =   cloud_err_cb  param1 =  func(42edb70) 
[2018/08/18 10:37:51 076] isr_1conn  2238 SYS_MSG_REGCB_CLOUD param0 =   cloud_status_cb  param1 =  func(42edbb0) 
[2018/08/18 10:37:51 078] isr_1conn  1411 onesoc  
[2018/08/18 10:37:51 078] isr_1conn  1412 ASR_CLOUD_MSG_SSB  
[2018/08/18 10:37:51 078] isr_1conn  1427 isr_1conn  cloud_cisr1PdHHBHcjLe6Hg0VaaBqfwY6w1q5wI  268436457  1530675888  
[2018/08/18 10:37:51 078] isr_1conn  1497 req_lgi_id =  nil  
[2018/08/18 10:37:51 078] isr_1conn  1498 not login!  
[2018/08/18 10:37:51 078] isr_1conn  1631 nil  
[2018/08/18 10:37:51 078] isr_1conn  1691 speex-wb  
[2018/08/18 10:37:51 078] isr_1conn  1776 net_once_bytes  nil  
[2018/08/18 10:37:51 078] isr_1conn  1781 need_encode  true  
[2018/08/18 10:37:51 078] isr_1conn  1783 once bytes  122  
[2018/08/18 10:37:51 078] isr_1conn  1807 User set url is   nil  
[2018/08/18 10:37:51 078] config     91   select default  
[2018/08/18 10:37:51 078] config     113  use general cloud  
[2018/08/18 10:37:51 078] transport  645  paramkvsport is   nil  
[2018/08/18 10:37:51 078] transport  657  ns_enable=  1  
[2018/08/18 10:37:51 078] transport  659  2017-08--24 is_ns_need_close =   nil  
[2018/08/18 10:37:51 078] transport  665  net.nettype=  unknown  
[2018/08/18 10:37:51 078] transport  675  url.full=  nil  
[2018/08/18 10:37:51 078] transport  676  urltmp=  nil  
[2018/08/18 10:37:51 079] transport  680  server_url_host=, server_url_port=, server_url_path=  open.xf-yun.com  nil  /msp.do  
[2018/08/18 10:37:51 079] transport  708  url.full=  nil  
[2018/08/18 10:37:51 079] transport  907  net type:  unknown  
[2018/08/18 10:37:51 079] transport  908  net operator:  def  
[2018/08/18 10:37:51 079] transport  909  use proxy:  false  
[2018/08/18 10:37:51 079] transport  1107 session.domain=  open.xf-yun.com  
[2018/08/18 10:37:51 079] transport  1108 url.host=  open.xf-yun.com  
[2018/08/18 10:37:51 079] network    90   ipfromenv ,  ipcache  open.xf-yun.com  def  nil  
[2018/08/18 10:37:51 079] transport  1178 try preferred port:  nil  
[2018/08/18 10:37:51 079] transport  1085 NAMESERVER START  
[2018/08/18 10:37:51 079] transport  1088 name =   iat  
[2018/08/18 10:37:51 079] ns         629  ntt=  unknown  
[2018/08/18 10:37:51 079] transport  1091 trans,ns_inprog =  0  
[2018/08/18 10:37:51 079] ns         585  name server start  
[2018/08/18 10:37:51 079] ns         586  ns_sub =   iat  
[2018/08/18 10:37:51 079] ns         588  ns_host=  open.xf-yun.com  
[2018/08/18 10:37:51 079] ns         479  ns_host=  open.xf-yun.com  
[2018/08/18 10:37:51 079] ns         558  GET /sip/resolver?srand=0818103711.32 HTTP/1.1
Host: hdns.openspeech.cn
Connection: Keep-Alive
X-Par: ver=1.3&appid=5b553aa8&operator=UNKNOW&nettype=STANDARD&cver=5.0.39.1208&svc=iat&host=open.xf-yun.com&sign=907d7e599eb0b532c55ce33475120d74
User-Agent: iFLYCloud

  
[2018/08/18 10:37:51 079] ns         559  net_type =  standard  
[2018/08/18 10:37:51 081] ns         560  cmwapascmnet =  
[2018/08/18 10:37:51 081] ns         561  uniwapasuninet =  
[2018/08/18 10:37:51 081] ns         562  ctwapasctnet =  
[2018/08/18 10:37:51 081] ns         579  host=  hdns.openspeech.cn  
[2018/08/18 10:37:51 081] network    263  gethostbyname  hdns.openspeech.cn  ns1  
[2018/08/18 10:37:51 381] isr_1conn  262  netperf:  99  
[2018/08/18 10:37:51 467] isr_1conn  1834 ASR_CLOUD_MSG_AUW  6400  1  
[2018/08/18 10:37:51 467] isr_1conn  1851     
[2018/08/18 10:37:51 667] isr_1conn  1834 ASR_CLOUD_MSG_AUW  6400  2  
[2018/08/18 10:37:51 691] isr_1conn  262  netperf:  81  
[2018/08/18 10:37:51 867] isr_1conn  1834 ASR_CLOUD_MSG_AUW  6400  2  
[2018/08/18 10:37:52 003] isr_1conn  262  netperf:  73  
[2018/08/18 10:37:52 066] isr_1conn  1834 ASR_CLOUD_MSG_AUW  6400  2  
[2018/08/18 10:37:52 266] isr_1conn  1834 ASR_CLOUD_MSG_AUW  6400  2  
[2018/08/18 10:37:52 319] isr_1conn  262  netperf:  65  
[2018/08/18 10:37:52 467] isr_1conn  1834 ASR_CLOUD_MSG_AUW  6400  2  
[2018/08/18 10:37:52 631] isr_1conn  262  netperf:  57  
[2018/08/18 10:37:52 667] isr_1conn  1834 ASR_CLOUD_MSG_AUW  6400  2  
[2018/08/18 10:37:52 867] isr_1conn  1834 ASR_CLOUD_MSG_AUW  6400  2  
[2018/08/18 10:37:52 940] isr_1conn  262  netperf:  49  
[2018/08/18 10:37:53 065] isr_1conn  1834 ASR_CLOUD_MSG_AUW  6400  2  
[2018/08/18 10:37:53 253] isr_1conn  262  netperf:  31  
[2018/08/18 10:37:53 266] isr_1conn  1834 ASR_CLOUD_MSG_AUW  6400  2  
[2018/08/18 10:37:53 464] isr_1conn  1834 ASR_CLOUD_MSG_AUW  6400  2  
[2018/08/18 10:37:53 568] isr_1conn  262  netperf:  23  
[2018/08/18 10:37:53 665] isr_1conn  1834 ASR_CLOUD_MSG_AUW  6400  2  
[2018/08/18 10:37:53 865] isr_1conn  1834 ASR_CLOUD_MSG_AUW  6400  2  
[2018/08/18 10:37:53 878] isr_1conn  262  netperf:  15  
[2018/08/18 10:37:54 066] isr_1conn  1834 ASR_CLOUD_MSG_AUW  6400  2  
[2018/08/18 10:37:54 068] isr_1conn  1834 ASR_CLOUD_MSG_AUW  5760  4  
[2018/08/18 10:37:54 068] isr_1conn  1888 starttimer status_cb_timeout, timeout is:  3000  
[2018/08/18 10:37:54 068] isr_1conn  1897 audio len:  95360  
[2018/08/18 10:37:54 068] isr_1conn  1900 drate:   0  
[2018/08/18 10:37:54 068] isr_1conn  1903 user  
[2018/08/18 10:37:54 068] isr_1conn  1912 drate, start local.  
[2018/08/18 10:37:54 081] transport  309  [dns] [1] timeout!   
[2018/08/18 10:37:54 081] transport  77   dns_failed  
[2018/08/18 10:37:54 081] network    90   ipfromenv ,  ipcache  open.xf-yun.com  def  nil  
[2018/08/18 10:37:54 081] network    90   ipfromenv ,  ipcfg  open.xf-yun.com  def  nil  
[2018/08/18 10:37:54 081] transport  1303 [soc] connect   42.62.116.18  1028  
[2018/08/18 10:37:54 082] transport  1315 mspsoc.open,prot_type=  tcp  
[2018/08/18 10:37:54 088] network    231  dns timeout!  ns1  
[2018/08/18 10:37:54 088] ns         457  ns dns failed, err =   10114  
[2018/08/18 10:37:54 088] network    445  gethttpresp2  117.121.48.5  80  ns2  
[2018/08/18 10:37:54 088] network    465  prot_type  tcp  
[2018/08/18 10:37:54 188] isr_1conn  262  netperf:  17  
[2018/08/18 10:37:54 500] isr_1conn  262  netperf:  19  
[2018/08/18 10:37:54 812] isr_1conn  262  netperf:  11  
[2018/08/18 10:37:55 125] isr_1conn  262  netperf:  13  
[2018/08/18 10:37:55 437] isr_1conn  262  netperf:  15  
[2018/08/18 10:37:55 749] isr_1conn  262  netperf:  17  
[2018/08/18 10:37:56 061] isr_1conn  262  netperf:  19  
[2018/08/18 10:37:56 372] isr_1conn  262  netperf:  11  
[2018/08/18 10:37:56 684] isr_1conn  262  netperf:  13  
[2018/08/18 10:37:56 996] isr_1conn  262  netperf:  15  
[2018/08/18 10:37:57 073] isr_1conn  218  The called number of status_cb_timeout:  1  
[2018/08/18 10:37:57 308] isr_1conn  262  netperf:  17  
[2018/08/18 10:37:57 619] isr_1conn  262  netperf:  19  
[2018/08/18 10:37:57 931] isr_1conn  262  netperf:  11  
[2018/08/18 10:37:58 243] isr_1conn  262  netperf:  13  
[2018/08/18 10:37:58 555] isr_1conn  262  netperf:  15  
