============================================================
Time  2018/08/14 13:56:12 750 
============================================================
[2018/08/14 13:56:12 752] isr_1conn  2217 SYS_MSG_LOAD_CLOUD  
[2018/08/14 13:56:12 752] isr_1conn  2238 SYS_MSG_REGCB_CLOUD param0 =   msp_status_cb  param1 =  func(3f0f60) 
[2018/08/14 13:56:12 752] isr_1conn  2238 SYS_MSG_REGCB_CLOUD param0 =   cloud_rslt_cb  param1 =  func(3f0fa0) 
[2018/08/14 13:56:12 752] isr_1conn  2238 SYS_MSG_REGCB_CLOUD param0 =   cloud_err_cb  param1 =  func(3f0fe0) 
[2018/08/14 13:56:12 752] isr_1conn  2238 SYS_MSG_REGCB_CLOUD param0 =   cloud_status_cb  param1 =  func(3f1020) 
[2018/08/14 13:56:12 753] isr_1conn  1411 onesoc  
[2018/08/14 13:56:12 753] isr_1conn  1412 ASR_CLOUD_MSG_SSB  
[2018/08/14 13:56:12 753] isr_1conn  1427 isr_1conn  cloud_cisr1P1HHBHcTsSGHWENkaaaAhPkVPTQ07Q  268436457  1530675888  
[2018/08/14 13:56:12 753] isr_1conn  1497 req_lgi_id =  nil  
[2018/08/14 13:56:12 753] isr_1conn  1498 not login!  
[2018/08/14 13:56:12 753] isr_1conn  1631 nil  
[2018/08/14 13:56:12 753] isr_1conn  1691 speex-wb  
[2018/08/14 13:56:12 753] isr_1conn  1776 net_once_bytes  nil  
[2018/08/14 13:56:12 753] isr_1conn  1781 need_encode  true  
[2018/08/14 13:56:12 753] isr_1conn  1783 once bytes  122  
[2018/08/14 13:56:12 755] isr_1conn  1807 User set url is   nil  
[2018/08/14 13:56:12 755] config     91   select default  
[2018/08/14 13:56:12 755] config     113  use general cloud  
[2018/08/14 13:56:12 755] transport  645  paramkvsport is   nil  
[2018/08/14 13:56:12 755] transport  657  ns_enable=  1  
[2018/08/14 13:56:12 755] transport  659  2017-08--24 is_ns_need_close =   nil  
[2018/08/14 13:56:12 755] transport  665  net.nettype=  unknown  
[2018/08/14 13:56:12 755] transport  675  url.full=  nil  
[2018/08/14 13:56:12 756] transport  676  urltmp=  nil  
[2018/08/14 13:56:12 756] transport  680  server_url_host=, server_url_port=, server_url_path=  open.xf-yun.com  nil  /msp.do  
[2018/08/14 13:56:12 756] transport  708  url.full=  nil  
[2018/08/14 13:56:12 756] transport  907  net type:  unknown  
[2018/08/14 13:56:12 756] transport  908  net operator:  def  
[2018/08/14 13:56:12 756] transport  909  use proxy:  false  
[2018/08/14 13:56:12 756] transport  1107 session.domain=  open.xf-yun.com  
[2018/08/14 13:56:12 756] transport  1108 url.host=  open.xf-yun.com  
[2018/08/14 13:56:12 756] network    90   ipfromenv ,  ipcache  open.xf-yun.com  def  nil  
[2018/08/14 13:56:12 756] transport  1178 try preferred port:  nil  
[2018/08/14 13:56:12 756] transport  1085 NAMESERVER START  
[2018/08/14 13:56:12 756] transport  1088 name =   iat  
[2018/08/14 13:56:12 756] ns         629  ntt=  unknown  
[2018/08/14 13:56:12 756] transport  1091 trans,ns_inprog =  0  
[2018/08/14 13:56:12 756] ns         585  name server start  
[2018/08/14 13:56:12 756] ns         586  ns_sub =   iat  
[2018/08/14 13:56:12 756] ns         588  ns_host=  open.xf-yun.com  
[2018/08/14 13:56:12 756] ns         479  ns_host=  open.xf-yun.com  
[2018/08/14 13:56:12 756] ns         558  GET /sip/resolver?srand=0814135611.32 HTTP/1.1
Host: hdns.openspeech.cn
Connection: Keep-Alive
X-Par: ver=1.3&appid=5b553aa8&operator=UNKNOW&nettype=STANDARD&cver=5.0.39.1208&svc=iat&host=open.xf-yun.com&sign=870c4cd20c3ec2e23ab9929e6f4b7aea
User-Agent: iFLYCloud

  
[2018/08/14 13:56:12 756] ns         559  net_type =  standard  
[2018/08/14 13:56:12 756] ns         560  cmwapascmnet =  
[2018/08/14 13:56:12 756] ns         561  uniwapasuninet =  
[2018/08/14 13:56:12 757] ns         562  ctwapasctnet =  
[2018/08/14 13:56:12 757] ns         579  host=  hdns.openspeech.cn  
[2018/08/14 13:56:12 757] network    263  gethostbyname  hdns.openspeech.cn  ns1  
[2018/08/14 13:56:12 763] network    245  dns resp  0  ns1  
[2018/08/14 13:56:12 763] ns         425  ns dns ok  117.121.56.8  
[2018/08/14 13:56:12 763] ns         205  iplist not avail  
[2018/08/14 13:56:12 763] ns         432  is_voicecloud_ip=  0  
[2018/08/14 13:56:12 763] ns         439  ip_is_expected=  true  
[2018/08/14 13:56:12 763] ns         447  ip_is_expected=  true  
[2018/08/14 13:56:12 763] network    445  gethttpresp2  117.121.56.8  80  ns2  
[2018/08/14 13:56:12 763] network    465  prot_type  tcp  
[2018/08/14 13:56:12 786] transport  194  [dns] [1] response 59.107.24.11  
[2018/08/14 13:56:12 786] transport  202  59  107  24  11  
[2018/08/14 13:56:12 786] transport  204  ipv =  v4  
[2018/08/14 13:56:12 786] transport  208  dns ip is v4  
[2018/08/14 13:56:12 786] transport  130  iplist not avail  
[2018/08/14 13:56:12 788] transport  247  no iplist now  
[2018/08/14 13:56:12 788] network    95   iptoenv ,  ipcache  open.xf-yun.com  def  59.107.24.11  
[2018/08/14 13:56:12 789] transport  291  dns cb start conn  
[2018/08/14 13:56:12 789] transport  1303 [soc] connect   59.107.24.11  1028  
[2018/08/14 13:56:12 789] transport  1315 mspsoc.open,prot_type=  tcp  
[2018/08/14 13:56:12 834] network    350  connected  ns2  
[2018/08/14 13:56:12 835] network    353  send ok  271  ns2  
[2018/08/14 13:56:12 839] transport  473  [soc] [1] connected  
[2018/08/14 13:56:12 839] isr_1conn  367  transport connect ok  
[2018/08/14 13:56:12 839] isr_1conn  1118 send ssb request  
[2018/08/14 13:56:12 839] isr_1conn  833  lver:  nil  
[2018/08/14 13:56:12 839] isr_1conn  838  cfg_ver:  nil  
[2018/08/14 13:56:12 839] isr_1conn  859  send_lgi_auth_id =  nil  
[2018/08/14 13:56:12 839] transport  1854 transport_obj.send | in  
[2018/08/14 13:56:12 839] transport  1860 self.msg_flag_q  table(3efbc0) 
[2018/08/14 13:56:12 839] transport  1861 self.msg_q  table(3efb90) 
[2018/08/14 13:56:12 839] transport  1793 transport_obj.try2send | in  
[2018/08/14 13:56:12 839] transport  1794 self.soc  udata(4167048) 
[2018/08/14 13:56:12 839] transport  1795 self.connected  false  
[2018/08/14 13:56:12 839] transport  1796 self.latesterr  0  
[2018/08/14 13:56:12 839] transport  1867 transport_obj.send | out  
[2018/08/14 13:56:12 839] transport  1793 transport_obj.try2send | in  
[2018/08/14 13:56:12 839] transport  1794 self.soc  udata(4167048) 
[2018/08/14 13:56:12 839] transport  1795 self.connected  true  
[2018/08/14 13:56:12 839] transport  1796 self.latesterr  0  
[2018/08/14 13:56:12 839] transport  1813 transport:try2send,#msg_q=  1  
[2018/08/14 13:56:12 839] transport  1358 build http request.  
[2018/08/14 13:56:12 839] transport  1471 POST /msp.do HTTP/1.1
X-Sub: iat
X-Par: ver=MSSP+0%2E9&sub=iat&cmd=ssb&ssm=1&auf=audio%2FL16%3Brate%3D16000&cver=5%2E0%2E39%2E1208&net%5Ftype=unknown&csid=cisr1P1HHBHcTsSGHWENkaaaAhPkVPTQ07Q&key=0c4G4KJ85svIwYePS/IWCxUg==
CT: multipart/mixed;boundary=--
CL: 396

----
Content-Length:56
Content-Type:text/appinfo
Content-Encoding:gzip,encrypt/0.2

}%∂äÙ*YaòÅ  
[2018/08/14 13:56:12 842] transport  1813 transport:try2send,#msg_q=  0  
[2018/08/14 13:56:12 842] transport  482  [soc] [1] send ok  665  
[2018/08/14 13:56:12 842] transport  1793 transport_obj.try2send | in  
[2018/08/14 13:56:12 842] transport  1794 self.soc  udata(4167048) 
[2018/08/14 13:56:12 842] transport  1795 self.connected  true  
[2018/08/14 13:56:12 842] transport  1796 self.latesterr  0  
[2018/08/14 13:56:12 842] transport  1813 transport:try2send,#msg_q=  0  
