[2018/08/14 13:07:50 881] transport  1489 a_complete_httpmessage  200  
[2018/08/14 13:07:50 881] transport  1599 is_update  true  
[2018/08/14 13:07:50 881] isr_1conn  399  [trans] [isr_1conncisr1PdHHBHcTskxRWzda0dsDkl6Ws8w-J] readable  
[2018/08/14 13:07:50 881] isr_1conn  403  size =   61  
[2018/08/14 13:07:50 881] isr_1conn  412  send_ok_num, timer_num, send_average =   24461  19  1287  
[2018/08/14 13:07:50 881] isr_1conn  415  netperf =   90  
[2018/08/14 13:07:50 881] isr_1conn  419  start netperf_grs_timer  
[2018/08/14 13:07:50 881] isr_1conn  435  response  
[2018/08/14 13:07:50 881] isr_1conn  483  resp_syncid =  2  
[2018/08/14 13:07:50 881] isr_1conn  655  2  5  2  
[2018/08/14 13:07:50 881] isr_1conn  662  [session] got last result  
[2018/08/14 13:07:50 881] isr_1conn  667  time from last audio to last result:  31  .  
[2018/08/14 13:07:50 881] isr_1conn  668  time from session-begin to session-end:  8205  .  
[2018/08/14 13:07:50 882] network    90   ipfromenv ,  ipcache  open.xf-yun.com  def  59.107.24.5  
[2018/08/14 13:07:50 882] transport  981  cached ip is confirmed  
[2018/08/14 13:07:50 882] transport  1331 [soc] disconnect   
[2018/08/14 13:07:50 882] transport  991  transport clean  
[2018/08/14 13:07:50 882] isr_1conn  677  [session] got 2th result  
[2018/08/14 13:07:51 154] isr_1conn  2043 ASR_CLOUD_MSG_SSE  
[2018/08/14 13:07:51 157] isr_1conn  1276 isr_1conn session info  
[2018/08/14 13:07:51 158] isr_1conn  2186 session finished! ret =   0  
