============================================================
Time  2018/08/14 13:55:37 153 
============================================================
[2018/08/14 13:55:37 154] isr_1conn  2217 SYS_MSG_LOAD_CLOUD  
[2018/08/14 13:55:37 154] isr_1conn  2238 SYS_MSG_REGCB_CLOUD param0 =   msp_status_cb  param1 =  func(3dbba0) 
[2018/08/14 13:55:37 154] isr_1conn  2238 SYS_MSG_REGCB_CLOUD param0 =   cloud_rslt_cb  param1 =  func(3dbbe0) 
[2018/08/14 13:55:37 154] isr_1conn  2238 SYS_MSG_REGCB_CLOUD param0 =   cloud_err_cb  param1 =  func(3dbc20) 
[2018/08/14 13:55:37 154] isr_1conn  2238 SYS_MSG_REGCB_CLOUD param0 =   cloud_status_cb  param1 =  func(3dbc60) 
[2018/08/14 13:55:37 154] isr_1conn  1411 onesoc  
[2018/08/14 13:55:37 154] isr_1conn  1412 ASR_CLOUD_MSG_SSB  
[2018/08/14 13:55:37 154] isr_1conn  1427 isr_1conn  cloud_cisr1P1HHBHcTsSeHWtFRaaW2E50VWy0dtG  268436457  1530675888  
[2018/08/14 13:55:37 154] isr_1conn  1497 req_lgi_id =  nil  
[2018/08/14 13:55:37 154] isr_1conn  1498 not login!  
[2018/08/14 13:55:37 155] isr_1conn  1631 nil  
[2018/08/14 13:55:37 155] isr_1conn  1691 speex-wb  
[2018/08/14 13:55:37 155] isr_1conn  1776 net_once_bytes  nil  
[2018/08/14 13:55:37 155] isr_1conn  1781 need_encode  true  
[2018/08/14 13:55:37 155] isr_1conn  1783 once bytes  122  
[2018/08/14 13:55:37 157] isr_1conn  1807 User set url is   nil  
[2018/08/14 13:55:37 157] config     91   select default  
[2018/08/14 13:55:37 157] config     113  use general cloud  
[2018/08/14 13:55:37 157] transport  645  paramkvsport is   nil  
[2018/08/14 13:55:37 157] transport  657  ns_enable=  1  
[2018/08/14 13:55:37 157] transport  659  2017-08--24 is_ns_need_close =   nil  
[2018/08/14 13:55:37 157] transport  665  net.nettype=  unknown  
[2018/08/14 13:55:37 157] transport  675  url.full=  nil  
[2018/08/14 13:55:37 157] transport  676  urltmp=  nil  
[2018/08/14 13:55:37 157] transport  680  server_url_host=, server_url_port=, server_url_path=  open.xf-yun.com  nil  /msp.do  
[2018/08/14 13:55:37 157] transport  708  url.full=  nil  
[2018/08/14 13:55:37 157] transport  907  net type:  unknown  
[2018/08/14 13:55:37 157] transport  908  net operator:  def  
[2018/08/14 13:55:37 157] transport  909  use proxy:  false  
[2018/08/14 13:55:37 157] transport  1107 session.domain=  open.xf-yun.com  
[2018/08/14 13:55:37 157] transport  1108 url.host=  open.xf-yun.com  
[2018/08/14 13:55:37 158] network    90   ipfromenv ,  ipcache  open.xf-yun.com  def  nil  
[2018/08/14 13:55:37 158] transport  1178 try preferred port:  nil  
[2018/08/14 13:55:37 158] transport  1085 NAMESERVER START  
[2018/08/14 13:55:37 160] transport  1088 name =   iat  
[2018/08/14 13:55:37 160] ns         629  ntt=  unknown  
[2018/08/14 13:55:37 160] transport  1091 trans,ns_inprog =  0  
[2018/08/14 13:55:37 160] ns         585  name server start  
[2018/08/14 13:55:37 160] ns         586  ns_sub =   iat  
[2018/08/14 13:55:37 160] ns         588  ns_host=  open.xf-yun.com  
[2018/08/14 13:55:37 160] ns         479  ns_host=  open.xf-yun.com  
[2018/08/14 13:55:37 160] ns         558  GET /sip/resolver?srand=0814135511.32 HTTP/1.1
Host: hdns.openspeech.cn
Connection: Keep-Alive
X-Par: ver=1.3&appid=5b553aa8&operator=UNKNOW&nettype=STANDARD&cver=5.0.39.1208&svc=iat&host=open.xf-yun.com&sign=6569de76b18682930d932658df3e5b9a
User-Agent: iFLYCloud

  
[2018/08/14 13:55:37 160] ns         559  net_type =  standard  
[2018/08/14 13:55:37 160] ns         560  cmwapascmnet =  
[2018/08/14 13:55:37 160] ns         561  uniwapasuninet =  
[2018/08/14 13:55:37 160] ns         562  ctwapasctnet =  
[2018/08/14 13:55:37 160] ns         579  host=  hdns.openspeech.cn  
[2018/08/14 13:55:37 161] network    263  gethostbyname  hdns.openspeech.cn  ns1  
[2018/08/14 13:55:37 164] network    245  dns resp  0  ns1  
[2018/08/14 13:55:37 164] ns         425  ns dns ok  117.121.56.8  
[2018/08/14 13:55:37 164] ns         205  iplist not avail  
[2018/08/14 13:55:37 164] ns         432  is_voicecloud_ip=  0  
[2018/08/14 13:55:37 164] ns         439  ip_is_expected=  true  
[2018/08/14 13:55:37 164] ns         447  ip_is_expected=  true  
[2018/08/14 13:55:37 164] network    445  gethttpresp2  117.121.56.8  80  ns2  
[2018/08/14 13:55:37 164] network    465  prot_type  tcp  
[2018/08/14 13:55:37 190] transport  194  [dns] [1] response 59.107.24.5  
[2018/08/14 13:55:37 190] transport  202  59  107  24  5  
[2018/08/14 13:55:37 190] transport  204  ipv =  v4  
[2018/08/14 13:55:37 190] transport  208  dns ip is v4  
[2018/08/14 13:55:37 190] transport  130  iplist not avail  
[2018/08/14 13:55:37 190] transport  247  no iplist now  
[2018/08/14 13:55:37 190] network    95   iptoenv ,  ipcache  open.xf-yun.com  def  59.107.24.5  
[2018/08/14 13:55:37 191] transport  291  dns cb start conn  
[2018/08/14 13:55:37 193] transport  1303 [soc] connect   59.107.24.5  1028  
[2018/08/14 13:55:37 193] transport  1315 mspsoc.open,prot_type=  tcp  
[2018/08/14 13:55:37 226] network    350  connected  ns2  
[2018/08/14 13:55:37 226] network    353  send ok  271  ns2  
[2018/08/14 13:55:37 236] transport  473  [soc] [1] connected  
[2018/08/14 13:55:37 236] isr_1conn  367  transport connect ok  
[2018/08/14 13:55:37 236] isr_1conn  1118 send ssb request  
[2018/08/14 13:55:37 236] isr_1conn  833  lver:  nil  
[2018/08/14 13:55:37 236] isr_1conn  838  cfg_ver:  nil  
[2018/08/14 13:55:37 236] isr_1conn  859  send_lgi_auth_id =  nil  
[2018/08/14 13:55:37 236] transport  1854 transport_obj.send | in  
[2018/08/14 13:55:37 236] transport  1860 self.msg_flag_q  table(40b0560) 
[2018/08/14 13:55:37 236] transport  1861 self.msg_q  table(40b0530) 
[2018/08/14 13:55:37 237] transport  1793 transport_obj.try2send | in  
[2018/08/14 13:55:37 237] transport  1794 self.soc  udata(4139270) 
[2018/08/14 13:55:37 237] transport  1795 self.connected  false  
[2018/08/14 13:55:37 237] transport  1796 self.latesterr  0  
[2018/08/14 13:55:37 237] transport  1867 transport_obj.send | out  
[2018/08/14 13:55:37 237] transport  1793 transport_obj.try2send | in  
[2018/08/14 13:55:37 237] transport  1794 self.soc  udata(4139270) 
[2018/08/14 13:55:37 239] transport  1795 self.connected  true  
[2018/08/14 13:55:37 239] transport  1796 self.latesterr  0  
[2018/08/14 13:55:37 239] transport  1813 transport:try2send,#msg_q=  1  
[2018/08/14 13:55:37 239] transport  1358 build http request.  
[2018/08/14 13:55:37 240] transport  1471 POST /msp.do HTTP/1.1
X-Sub: iat
X-Par: ver=MSSP+0%2E9&sub=iat&cmd=ssb&ssm=1&auf=audio%2FL16%3Brate%3D16000&cver=5%2E0%2E39%2E1208&net%5Ftype=unknown&csid=cisr1P1HHBHcTsSeHWtFRaaW2E50VWy0dtG&key=0c4G4KJ85svIwYePS/IWCxUg==
CT: multipart/mixed;boundary=--
CL: 396

----
Content-Length:56
Content-Type:text/appinfo
Content-Encoding:gzip,encrypt/0.2

}%∂äÙ*YaòÅ  
[2018/08/14 13:55:37 240] transport  1813 transport:try2send,#msg_q=  0  
[2018/08/14 13:55:37 240] transport  482  [soc] [1] send ok  665  
[2018/08/14 13:55:37 242] transport  1793 transport_obj.try2send | in  
[2018/08/14 13:55:37 242] transport  1794 self.soc  udata(4139270) 
[2018/08/14 13:55:37 242] transport  1795 self.connected  true  
[2018/08/14 13:55:37 243] transport  1796 self.latesterr  0  
[2018/08/14 13:55:37 243] transport  1813 transport:try2send,#msg_q=  0  
[2018/08/14 13:55:37 273] network    362  readable  ns2  
[2018/08/14 13:55:37 275] network    366  HTTP/1.1 200 OK
Date: Tue, 14 Aug 2018 05:55:38 GMT
Content-Type: application/json
Content-Length: 312
Connection: keep-alive
Server: iflytek/hdns

{"dns":[{"host":"open.xf-yun.com","sip":[{"svc":"iat","ips":[{"ip":"121.201.83.170","port":80,"idc":"gz"},{"ip":"59.107.24.11","port":980,"idc":"gz"}],"ttl":6000,"compel":0}]}],"default":[{"host":"open.xf-yun.com","sip":[{"svc":"iat","ips":[{"ip":"59.107.24.11","port":980,"idc":"gz"}],"ttl":6000,"compel":0}]}]}  
[2018/08/14 13:55:37 275] ns         256  name server http resp  table(40b0680) 0  udata(413ba90) 
[2018/08/14 13:55:37 275] ns         269  ns response OK for this time!  
[2018/08/14 13:55:37 275] ns         280  from_server=  iflytek/hdns  
[2018/08/14 13:55:37 276] ns         363  compel :  0  
[2018/08/14 13:55:37 276] ns         374  tick()=  19168139  
[2018/08/14 13:55:37 276] ns         378  tick()mod=  19168139  
[2018/08/14 13:55:37 276] ns         379  ns_host=  open.xf-yun.com  
