============================================================
Time  2018/08/06 22:43:04 426 
============================================================
[2018/08/06 22:43:04 430] tts        676  SYS_MSG_REGCB param0 =  msp_status_cb  param1 =  func(3fd8b0) 
[2018/08/06 22:43:04 434] config     43   use general cloud  
[2018/08/06 22:43:04 438] tts_cloud  1428 SYS_MSG_REGCB_CLOUD param0 =   msp_status_cb  param1 =  func(3fd8b0) 
[2018/08/06 22:43:04 440] tts        647  TTS_MSG_SSB  
[2018/08/06 22:43:04 440] tts        375  params =  voice_name = xiaoqi, text_encoding = gb2312, sample_rate = 16000, speed = 70, volume = 50, pitch = 50, rdn = 2  
[2018/08/06 22:43:04 440] tts        416  ssb|use cloud  
[2018/08/06 22:43:04 440] tts_cloud  1399 SYS_MSG_LOAD_CLOUD  
[2018/08/06 22:43:04 440] tts_cloud  962  TTS_MSG_SSB_CLOUD  
[2018/08/06 22:43:04 440] tts_cloud  985  tts  ctts1P1HHBHcX1gLuMyleaaPRKWg-PLoHgF  268436457  1530675891  
[2018/08/06 22:43:04 440] tts_cloud  1031 not login!  
[2018/08/06 22:43:04 440] tts_cloud  1154 need_decode  true  
[2018/08/06 22:43:04 440] tts_cloud  1155 aue=  speex-wb;7   auf=  audio/L16;rate=16000  
[2018/08/06 22:43:04 444] tts_cloud  1177 User set url is   nil  
[2018/08/06 22:43:04 444] config     91   select default  
[2018/08/06 22:43:04 444] config     113  use general cloud  
[2018/08/06 22:43:04 446] transport  645  paramkvsport is   nil  
[2018/08/06 22:43:04 446] transport  657  ns_enable=  1  
[2018/08/06 22:43:04 446] transport  659  2017-08--24 is_ns_need_close =   nil  
[2018/08/06 22:43:04 446] transport  665  net.nettype=  unknown  
[2018/08/06 22:43:04 446] transport  675  url.full=  nil  
[2018/08/06 22:43:04 446] transport  676  urltmp=  nil  
[2018/08/06 22:43:04 446] transport  680  server_url_host=, server_url_port=, server_url_path=  open.xf-yun.com  nil  /msp.do  
[2018/08/06 22:43:04 446] transport  708  url.full=  nil  
[2018/08/06 22:43:04 446] transport  907  net type:  unknown  
[2018/08/06 22:43:04 447] transport  908  net operator:  def  
[2018/08/06 22:43:04 447] transport  909  use proxy:  false  
[2018/08/06 22:43:04 447] transport  1107 session.domain=  open.xf-yun.com  
[2018/08/06 22:43:04 447] transport  1108 url.host=  open.xf-yun.com  
[2018/08/06 22:43:04 447] network    90   ipfromenv ,  ipcache  open.xf-yun.com  def  nil  
[2018/08/06 22:43:04 447] transport  1178 try preferred port:  nil  
[2018/08/06 22:43:04 447] transport  1085 NAMESERVER START  
[2018/08/06 22:43:04 447] transport  1088 name =   tts  
[2018/08/06 22:43:04 447] ns         629  ntt=  unknown  
[2018/08/06 22:43:04 447] transport  1091 trans,ns_inprog =  0  
[2018/08/06 22:43:04 447] ns         585  name server start  
[2018/08/06 22:43:04 447] ns         586  ns_sub =   tts  
[2018/08/06 22:43:04 447] ns         588  ns_host=  open.xf-yun.com  
[2018/08/06 22:43:04 447] ns         479  ns_host=  open.xf-yun.com  
[2018/08/06 22:43:04 447] ns         558  GET /sip/resolver?srand=0806224311.32 HTTP/1.1
Host: hdns.openspeech.cn
Connection: Keep-Alive
X-Par: ver=1.3&appid=5b553aa8&operator=UNKNOW&nettype=STANDARD&cver=5.0.39.1208&svc=tts&host=open.xf-yun.com&sign=7b2ecb4014238920b252768f831b838f
User-Agent: iFLYCloud

  
[2018/08/06 22:43:04 447] ns         559  net_type =  standard  
[2018/08/06 22:43:04 447] ns         560  cmwapascmnet =  
[2018/08/06 22:43:04 447] ns         561  uniwapasuninet =  
[2018/08/06 22:43:04 448] ns         562  ctwapasctnet =  
[2018/08/06 22:43:04 448] ns         579  host=  hdns.openspeech.cn  
[2018/08/06 22:43:04 448] network    263  gethostbyname  hdns.openspeech.cn  ns1  
[2018/08/06 22:43:04 453] tts        654  TTS_MSG_SYN  0  
[2018/08/06 22:43:04 453] tts        469  synth|use cloud  
[2018/08/06 22:43:04 454] tts_cloud  1197 TTS_MSG_SYN_CLOUD  
[2018/08/06 22:43:04 454] tts_cloud  1208 remote_connected =  false  
[2018/08/06 22:43:04 454] tts        657  TTS_MSG_GETAUDIO  0  
[2018/08/06 22:43:04 456] tts        566  get audio|use cloud  
[2018/08/06 22:43:04 456] tts_cloud  1292 TTS_MSG_GETAUDIO_CLOUD | synth_status  1  
[2018/08/06 22:43:04 457] network    245  dns resp  0  ns1  
[2018/08/06 22:43:04 457] ns         425  ns dns ok  117.121.56.5  
[2018/08/06 22:43:04 457] ns         205  iplist not avail  
[2018/08/06 22:43:04 460] ns         432  is_voicecloud_ip=  0  
[2018/08/06 22:43:04 460] ns         439  ip_is_expected=  true  
[2018/08/06 22:43:04 460] ns         447  ip_is_expected=  true  
[2018/08/06 22:43:04 460] network    445  gethttpresp2  117.121.56.5  80  ns2  
[2018/08/06 22:43:04 460] network    465  prot_type  tcp  
[2018/08/06 22:43:04 484] transport  194  [dns] [1] response 121.201.83.170  
[2018/08/06 22:43:04 484] transport  202  121  201  83  170  
[2018/08/06 22:43:04 484] transport  204  ipv =  v4  
[2018/08/06 22:43:04 484] transport  208  dns ip is v4  
[2018/08/06 22:43:04 484] transport  130  iplist not avail  
[2018/08/06 22:43:04 484] transport  247  no iplist now  
[2018/08/06 22:43:04 484] network    95   iptoenv ,  ipcache  open.xf-yun.com  def  121.201.83.170  
[2018/08/06 22:43:04 486] transport  291  dns cb start conn  
[2018/08/06 22:43:04 486] transport  1303 [soc] connect   121.201.83.170  1028  
[2018/08/06 22:43:04 486] transport  1315 mspsoc.open,prot_type=  tcp  
[2018/08/06 22:43:04 516] network    350  connected  ns2  
[2018/08/06 22:43:04 517] network    353  send ok  271  ns2  
[2018/08/06 22:43:04 551] transport  473  [soc] [1] connected  
[2018/08/06 22:43:04 551] tts_cloud  296  text =  udata(3231aa8) 
[2018/08/06 22:43:04 551] tts_cloud  722  send ssb request  
[2018/08/06 22:43:04 551] tts_cloud  587  lver:  nil  
[2018/08/06 22:43:04 551] tts_cloud  592  cfg_ver:  nil  
[2018/08/06 22:43:04 551] transport  1854 transport_obj.send | in  
[2018/08/06 22:43:04 551] transport  1860 self.msg_flag_q  table(3971a0) 
[2018/08/06 22:43:04 551] transport  1861 self.msg_q  table(397170) 
[2018/08/06 22:43:04 552] transport  1793 transport_obj.try2send | in  
[2018/08/06 22:43:04 552] transport  1794 self.soc  udata(34e550) 
[2018/08/06 22:43:04 552] transport  1795 self.connected  false  
[2018/08/06 22:43:04 552] transport  1796 self.latesterr  0  
[2018/08/06 22:43:04 552] transport  1867 transport_obj.send | out  
[2018/08/06 22:43:04 552] transport  1793 transport_obj.try2send | in  
[2018/08/06 22:43:04 552] transport  1794 self.soc  udata(34e550) 
[2018/08/06 22:43:04 552] transport  1795 self.connected  true  
[2018/08/06 22:43:04 552] transport  1796 self.latesterr  0  
[2018/08/06 22:43:04 552] transport  1813 transport:try2send,#msg_q=  1  
[2018/08/06 22:43:04 552] transport  1358 build http request.  
[2018/08/06 22:43:04 552] transport  1471 POST /msp.do HTTP/1.1
X-Sub: tts
X-Par: ver=MSSP+0%2E9&sub=tts&cmd=ssb&aue=speex%2Dwb%3B7&auf=audio%2FL16%3Brate%3D16000&cver=5%2E0%2E39%2E1208&net%5Ftype=unknown&csid=ctts1P1HHBHcX1gLuMyleaaPRKWg%2DPLoHgF&key=0c4G4KJ85svIwYePS/IWCxUg==
CT: multipart/mixed;boundary=--
CL: 500

----
Content-Length:40
Content-Type:binary/synth+text
Content-Encoding:gzip,encrypt/0.2

YÙ‚ŠÍ²öE5ÚÊŒ’ú‡ñÖŽÄ€öå÷ûÑóÂ]¾9›  
[2018/08/06 22:43:04 553] transport  1813 transport:try2send,#msg_q=  0  
[2018/08/06 22:43:04 553] transport  482  [soc] [1] send ok  784  
[2018/08/06 22:43:04 553] transport  1793 transport_obj.try2send | in  
[2018/08/06 22:43:04 553] transport  1794 self.soc  udata(34e550) 
[2018/08/06 22:43:04 555] transport  1795 self.connected  true  
[2018/08/06 22:43:04 555] transport  1796 self.latesterr  0  
[2018/08/06 22:43:04 555] transport  1813 transport:try2send,#msg_q=  0  
[2018/08/06 22:43:04 566] network    362  readable  ns2  
[2018/08/06 22:43:04 566] network    366  HTTP/1.1 200 OK
Date: Mon, 06 Aug 2018 14:43:03 GMT
Content-Type: application/json
Content-Length: 312
Connection: keep-alive
Server: iflytek/hdns

{"dns":[{"host":"open.xf-yun.com","sip":[{"svc":"tts","ips":[{"ip":"59.107.24.13","port":80,"idc":"gz"},{"ip":"121.201.83.170","port":80,"idc":"gz"}],"ttl":6000,"compel":0}]}],"default":[{"host":"open.xf-yun.com","sip":[{"svc":"tts","ips":[{"ip":"121.201.83.170","port":80,"idc":"gz"}],"ttl":6000,"compel":0}]}]}  
[2018/08/06 22:43:04 568] ns         256  name server http resp  table(3972c0) 0  udata(396648) 
[2018/08/06 22:43:04 568] ns         269  ns response OK for this time!  
[2018/08/06 22:43:04 569] ns         280  from_server=  iflytek/hdns  
[2018/08/06 22:43:04 569] ns         363  compel :  0  
[2018/08/06 22:43:04 569] ns         374  tick()=  223179429  
[2018/08/06 22:43:04 569] ns         378  tick()mod=  223179429  
[2018/08/06 22:43:04 569] ns         379  ns_host=  open.xf-yun.com  
[2018/08/06 22:43:04 569] ns         392  ns_host=  open.xf-yun.com  
[2018/08/06 22:43:04 569] transport  1065 ns_ip =   59.107.24.13  
[2018/08/06 22:43:04 569] transport  1066 ip_type =  assigned_ttsopen.xf-yun.com_host  
[2018/08/06 22:43:04 569] ns         658  no data in ns_q  
[2018/08/06 22:43:04 569] ns         659  conti_ns,ns_inprog =   1  
[2018/08/06 22:43:04 605] tts        657  TTS_MSG_GETAUDIO  0  
[2018/08/06 22:43:04 605] tts        566  get audio|use cloud  
[2018/08/06 22:43:04 605] tts_cloud  1292 TTS_MSG_GETAUDIO_CLOUD | synth_status  1  
